This is pdfTeX, Version 3.14159265-2.6-1.40.16 (TeX Live 2015/Debian) (preloaded format=pdflatex 2017.4.28)  4 MAY 2017 10:30
entering extended mode
 restricted \write18 enabled.
 %&-line parsing enabled.
**L0_reach.tex
(./L0_reach.tex
LaTeX2e <2016/02/01>
Babel <3.9q> and hyphenation patterns for 81 language(s) loaded.
(/usr/share/texlive/texmf-dist/tex/latex/beamer/beamer.cls
(/usr/share/texlive/texmf-dist/tex/latex/beamer/beamerbasercs.sty
Package: beamerbasercs 2015/03/08 (rcs-revision 368aa9ba9d38)
)
Document Class: beamer 2015/01/05 3.36 A class for typesetting presentations (r
cs-revision 8a39122e1f63)
(/usr/share/texlive/texmf-dist/tex/latex/beamer/beamerbasemodes.sty
Package: beamerbasemodes 2013/09/03 (rcs-revision 768f2d98ca64)
\beamer@tempbox=\box26
\beamer@tempcount=\count79
\c@beamerpauses=\count80

(/usr/share/texlive/texmf-dist/tex/latex/beamer/beamerbasedecode.sty
Package: beamerbasedecode 2010/05/01 (rcs-revision efa082c6111d)
\beamer@slideinframe=\count81
\beamer@minimum=\count82
)
\beamer@commentbox=\box27
\beamer@modecount=\count83
)
(/usr/share/texlive/texmf-dist/tex/generic/oberdiek/ifpdf.sty
Package: ifpdf 2011/01/30 v2.3 Provides the ifpdf switch (HO)
Package ifpdf Info: pdfTeX in PDF mode is detected.
)
\headheight=\dimen102
\headdp=\dimen103
\footheight=\dimen104
\sidebarheight=\dimen105
\beamer@tempdim=\dimen106
\beamer@finalheight=\dimen107
\beamer@animht=\dimen108
\beamer@animdp=\dimen109
\beamer@animwd=\dimen110
\beamer@leftmargin=\dimen111
\beamer@rightmargin=\dimen112
\beamer@leftsidebar=\dimen113
\beamer@rightsidebar=\dimen114
\beamer@boxsize=\dimen115
\beamer@vboxoffset=\dimen116
\beamer@descdefault=\dimen117
\beamer@descriptionwidth=\dimen118
\beamer@lastskip=\skip41
\beamer@areabox=\box28
\beamer@animcurrent=\box29
\beamer@animshowbox=\box30
\beamer@sectionbox=\box31
\beamer@logobox=\box32
\beamer@linebox=\box33
\beamer@sectioncount=\count84
\beamer@subsubsectionmax=\count85
\beamer@subsectionmax=\count86
\beamer@sectionmax=\count87
\beamer@totalheads=\count88
\beamer@headcounter=\count89
\beamer@partstartpage=\count90
\beamer@sectionstartpage=\count91
\beamer@subsectionstartpage=\count92
\beamer@animationtempa=\count93
\beamer@animationtempb=\count94
\beamer@xpos=\count95
\beamer@ypos=\count96
\beamer@showpartnumber=\count97
\beamer@currentsubsection=\count98
\beamer@coveringdepth=\count99
\beamer@sectionadjust=\count100
\beamer@tocsectionnumber=\count101

(/usr/share/texlive/texmf-dist/tex/latex/beamer/beamerbaseoptions.sty
Package: beamerbaseoptions 2013/03/10 (rcs-revision 47431932db0d)

(/usr/share/texlive/texmf-dist/tex/latex/graphics/keyval.sty
Package: keyval 2014/10/28 v1.15 key=value parser (DPC)
\KV@toks@=\toks14
))
\beamer@paperwidth=\skip42
\beamer@paperheight=\skip43

(/usr/share/texlive/texmf-dist/tex/latex/geometry/geometry.sty
Package: geometry 2010/09/12 v5.6 Page Geometry

(/usr/share/texlive/texmf-dist/tex/generic/oberdiek/ifvtex.sty
Package: ifvtex 2010/03/01 v1.5 Detect VTeX and its facilities (HO)
Package ifvtex Info: VTeX not detected.
)
(/usr/share/texlive/texmf-dist/tex/generic/ifxetex/ifxetex.sty
Package: ifxetex 2010/09/12 v0.6 Provides ifxetex conditional
)
\Gm@cnth=\count102
\Gm@cntv=\count103
\c@Gm@tempcnt=\count104
\Gm@bindingoffset=\dimen119
\Gm@wd@mp=\dimen120
\Gm@odd@mp=\dimen121
\Gm@even@mp=\dimen122
\Gm@layoutwidth=\dimen123
\Gm@layoutheight=\dimen124
\Gm@layouthoffset=\dimen125
\Gm@layoutvoffset=\dimen126
\Gm@dimlist=\toks15
)
(/usr/share/texlive/texmf-dist/tex/latex/base/size11.clo
File: size11.clo 2014/09/29 v1.4h Standard LaTeX file (size option)
)
(/usr/share/texlive/texmf-dist/tex/latex/pgf/basiclayer/pgfcore.sty
(/usr/share/texlive/texmf-dist/tex/latex/graphics/graphicx.sty
Package: graphicx 2014/10/28 v1.0g Enhanced LaTeX Graphics (DPC,SPQR)

(/usr/share/texlive/texmf-dist/tex/latex/graphics/graphics.sty
Package: graphics 2016/01/03 v1.0q Standard LaTeX Graphics (DPC,SPQR)

(/usr/share/texlive/texmf-dist/tex/latex/graphics/trig.sty
Package: trig 2016/01/03 v1.10 sin cos tan (DPC)
)
(/usr/share/texlive/texmf-dist/tex/latex/latexconfig/graphics.cfg
File: graphics.cfg 2010/04/23 v1.9 graphics configuration of TeX Live
)
Package graphics Info: Driver file: pdftex.def on input line 95.

(/usr/share/texlive/texmf-dist/tex/latex/pdftex-def/pdftex.def
File: pdftex.def 2011/05/27 v0.06d Graphics/color for pdfTeX

(/usr/share/texlive/texmf-dist/tex/generic/oberdiek/infwarerr.sty
Package: infwarerr 2010/04/08 v1.3 Providing info/warning/error messages (HO)
)
(/usr/share/texlive/texmf-dist/tex/generic/oberdiek/ltxcmds.sty
Package: ltxcmds 2011/11/09 v1.22 LaTeX kernel commands for general use (HO)
)
\Gread@gobject=\count105
))
\Gin@req@height=\dimen127
\Gin@req@width=\dimen128
)
(/usr/share/texlive/texmf-dist/tex/latex/pgf/systemlayer/pgfsys.sty
(/usr/share/texlive/texmf-dist/tex/latex/pgf/utilities/pgfrcs.sty
(/usr/share/texlive/texmf-dist/tex/generic/pgf/utilities/pgfutil-common.tex
\pgfutil@everybye=\toks16
\pgfutil@tempdima=\dimen129
\pgfutil@tempdimb=\dimen130

(/usr/share/texlive/texmf-dist/tex/generic/pgf/utilities/pgfutil-common-lists.t
ex)) (/usr/share/texlive/texmf-dist/tex/generic/pgf/utilities/pgfutil-latex.def
\pgfutil@abb=\box34
(/usr/share/texlive/texmf-dist/tex/latex/ms/everyshi.sty
Package: everyshi 2001/05/15 v3.00 EveryShipout Package (MS)
))
(/usr/share/texlive/texmf-dist/tex/generic/pgf/utilities/pgfrcs.code.tex
Package: pgfrcs 2015/08/07 v3.0.1a (rcs-revision 1.31)
))
(/usr/share/texlive/texmf-dist/tex/generic/pgf/systemlayer/pgfsys.code.tex
Package: pgfsys 2014/07/09 v3.0.1a (rcs-revision 1.48)

(/usr/share/texlive/texmf-dist/tex/generic/pgf/utilities/pgfkeys.code.tex
\pgfkeys@pathtoks=\toks17
\pgfkeys@temptoks=\toks18

(/usr/share/texlive/texmf-dist/tex/generic/pgf/utilities/pgfkeysfiltered.code.t
ex
\pgfkeys@tmptoks=\toks19
))
\pgf@x=\dimen131
\pgf@y=\dimen132
\pgf@xa=\dimen133
\pgf@ya=\dimen134
\pgf@xb=\dimen135
\pgf@yb=\dimen136
\pgf@xc=\dimen137
\pgf@yc=\dimen138
\w@pgf@writea=\write3
\r@pgf@reada=\read1
\c@pgf@counta=\count106
\c@pgf@countb=\count107
\c@pgf@countc=\count108
\c@pgf@countd=\count109
\t@pgf@toka=\toks20
\t@pgf@tokb=\toks21
\t@pgf@tokc=\toks22
 (/usr/share/texlive/texmf-dist/tex/generic/pgf/systemlayer/pgf.cfg
File: pgf.cfg 2008/05/14  (rcs-revision 1.7)
)
Driver file for pgf: pgfsys-pdftex.def

(/usr/share/texlive/texmf-dist/tex/generic/pgf/systemlayer/pgfsys-pdftex.def
File: pgfsys-pdftex.def 2014/10/11  (rcs-revision 1.35)

(/usr/share/texlive/texmf-dist/tex/generic/pgf/systemlayer/pgfsys-common-pdf.de
f
File: pgfsys-common-pdf.def 2013/10/10  (rcs-revision 1.13)
)))
(/usr/share/texlive/texmf-dist/tex/generic/pgf/systemlayer/pgfsyssoftpath.code.
tex
File: pgfsyssoftpath.code.tex 2013/09/09  (rcs-revision 1.9)
\pgfsyssoftpath@smallbuffer@items=\count110
\pgfsyssoftpath@bigbuffer@items=\count111
)
(/usr/share/texlive/texmf-dist/tex/generic/pgf/systemlayer/pgfsysprotocol.code.
tex
File: pgfsysprotocol.code.tex 2006/10/16  (rcs-revision 1.4)
)) (/usr/share/texlive/texmf-dist/tex/latex/xcolor/xcolor.sty
Package: xcolor 2007/01/21 v2.11 LaTeX color extensions (UK)

(/usr/share/texlive/texmf-dist/tex/latex/latexconfig/color.cfg
File: color.cfg 2007/01/18 v1.5 color configuration of teTeX/TeXLive
)
Package xcolor Info: Driver file: pdftex.def on input line 225.
Package xcolor Info: Model `cmy' substituted by `cmy0' on input line 1337.
Package xcolor Info: Model `hsb' substituted by `rgb' on input line 1341.
Package xcolor Info: Model `RGB' extended on input line 1353.
Package xcolor Info: Model `HTML' substituted by `rgb' on input line 1355.
Package xcolor Info: Model `Hsb' substituted by `hsb' on input line 1356.
Package xcolor Info: Model `tHsb' substituted by `hsb' on input line 1357.
Package xcolor Info: Model `HSB' substituted by `hsb' on input line 1358.
Package xcolor Info: Model `Gray' substituted by `gray' on input line 1359.
Package xcolor Info: Model `wave' substituted by `hsb' on input line 1360.
)
(/usr/share/texlive/texmf-dist/tex/generic/pgf/basiclayer/pgfcore.code.tex
Package: pgfcore 2010/04/11 v3.0.1a (rcs-revision 1.7)

(/usr/share/texlive/texmf-dist/tex/generic/pgf/math/pgfmath.code.tex
(/usr/share/texlive/texmf-dist/tex/generic/pgf/math/pgfmathcalc.code.tex
(/usr/share/texlive/texmf-dist/tex/generic/pgf/math/pgfmathutil.code.tex)
(/usr/share/texlive/texmf-dist/tex/generic/pgf/math/pgfmathparser.code.tex
\pgfmath@dimen=\dimen139
\pgfmath@count=\count112
\pgfmath@box=\box35
\pgfmath@toks=\toks23
\pgfmath@stack@operand=\toks24
\pgfmath@stack@operation=\toks25
)
(/usr/share/texlive/texmf-dist/tex/generic/pgf/math/pgfmathfunctions.code.tex
(/usr/share/texlive/texmf-dist/tex/generic/pgf/math/pgfmathfunctions.basic.code
.tex)
(/usr/share/texlive/texmf-dist/tex/generic/pgf/math/pgfmathfunctions.trigonomet
ric.code.tex)
(/usr/share/texlive/texmf-dist/tex/generic/pgf/math/pgfmathfunctions.random.cod
e.tex)
(/usr/share/texlive/texmf-dist/tex/generic/pgf/math/pgfmathfunctions.comparison
.code.tex)
(/usr/share/texlive/texmf-dist/tex/generic/pgf/math/pgfmathfunctions.base.code.
tex)
(/usr/share/texlive/texmf-dist/tex/generic/pgf/math/pgfmathfunctions.round.code
.tex)
(/usr/share/texlive/texmf-dist/tex/generic/pgf/math/pgfmathfunctions.misc.code.
tex)
(/usr/share/texlive/texmf-dist/tex/generic/pgf/math/pgfmathfunctions.integerari
thmetics.code.tex)))
(/usr/share/texlive/texmf-dist/tex/generic/pgf/math/pgfmathfloat.code.tex
\c@pgfmathroundto@lastzeros=\count113
))
(/usr/share/texlive/texmf-dist/tex/generic/pgf/basiclayer/pgfcorepoints.code.te
x
File: pgfcorepoints.code.tex 2013/10/07  (rcs-revision 1.27)
\pgf@picminx=\dimen140
\pgf@picmaxx=\dimen141
\pgf@picminy=\dimen142
\pgf@picmaxy=\dimen143
\pgf@pathminx=\dimen144
\pgf@pathmaxx=\dimen145
\pgf@pathminy=\dimen146
\pgf@pathmaxy=\dimen147
\pgf@xx=\dimen148
\pgf@xy=\dimen149
\pgf@yx=\dimen150
\pgf@yy=\dimen151
\pgf@zx=\dimen152
\pgf@zy=\dimen153
)
(/usr/share/texlive/texmf-dist/tex/generic/pgf/basiclayer/pgfcorepathconstruct.
code.tex
File: pgfcorepathconstruct.code.tex 2013/10/07  (rcs-revision 1.29)
\pgf@path@lastx=\dimen154
\pgf@path@lasty=\dimen155
)
(/usr/share/texlive/texmf-dist/tex/generic/pgf/basiclayer/pgfcorepathusage.code
.tex
File: pgfcorepathusage.code.tex 2014/11/02  (rcs-revision 1.24)
\pgf@shorten@end@additional=\dimen156
\pgf@shorten@start@additional=\dimen157
)
(/usr/share/texlive/texmf-dist/tex/generic/pgf/basiclayer/pgfcorescopes.code.te
x
File: pgfcorescopes.code.tex 2015/05/08  (rcs-revision 1.46)
\pgfpic=\box36
\pgf@hbox=\box37
\pgf@layerbox@main=\box38
\pgf@picture@serial@count=\count114
)
(/usr/share/texlive/texmf-dist/tex/generic/pgf/basiclayer/pgfcoregraphicstate.c
ode.tex
File: pgfcoregraphicstate.code.tex 2014/11/02  (rcs-revision 1.12)
\pgflinewidth=\dimen158
)
(/usr/share/texlive/texmf-dist/tex/generic/pgf/basiclayer/pgfcoretransformation
s.code.tex
File: pgfcoretransformations.code.tex 2015/08/07  (rcs-revision 1.20)
\pgf@pt@x=\dimen159
\pgf@pt@y=\dimen160
\pgf@pt@temp=\dimen161
)
(/usr/share/texlive/texmf-dist/tex/generic/pgf/basiclayer/pgfcorequick.code.tex
File: pgfcorequick.code.tex 2008/10/09  (rcs-revision 1.3)
)
(/usr/share/texlive/texmf-dist/tex/generic/pgf/basiclayer/pgfcoreobjects.code.t
ex
File: pgfcoreobjects.code.tex 2006/10/11  (rcs-revision 1.2)
)
(/usr/share/texlive/texmf-dist/tex/generic/pgf/basiclayer/pgfcorepathprocessing
.code.tex
File: pgfcorepathprocessing.code.tex 2013/09/09  (rcs-revision 1.9)
)
(/usr/share/texlive/texmf-dist/tex/generic/pgf/basiclayer/pgfcorearrows.code.te
x
File: pgfcorearrows.code.tex 2015/05/14  (rcs-revision 1.43)
\pgfarrowsep=\dimen162
)
(/usr/share/texlive/texmf-dist/tex/generic/pgf/basiclayer/pgfcoreshade.code.tex
File: pgfcoreshade.code.tex 2013/07/15  (rcs-revision 1.15)
\pgf@max=\dimen163
\pgf@sys@shading@range@num=\count115
)
(/usr/share/texlive/texmf-dist/tex/generic/pgf/basiclayer/pgfcoreimage.code.tex
File: pgfcoreimage.code.tex 2013/07/15  (rcs-revision 1.18)

(/usr/share/texlive/texmf-dist/tex/generic/pgf/basiclayer/pgfcoreexternal.code.
tex
File: pgfcoreexternal.code.tex 2014/07/09  (rcs-revision 1.21)
\pgfexternal@startupbox=\box39
))
(/usr/share/texlive/texmf-dist/tex/generic/pgf/basiclayer/pgfcorelayers.code.te
x
File: pgfcorelayers.code.tex 2013/07/18  (rcs-revision 1.7)
)
(/usr/share/texlive/texmf-dist/tex/generic/pgf/basiclayer/pgfcoretransparency.c
ode.tex
File: pgfcoretransparency.code.tex 2013/09/30  (rcs-revision 1.5)
)
(/usr/share/texlive/texmf-dist/tex/generic/pgf/basiclayer/pgfcorepatterns.code.
tex
File: pgfcorepatterns.code.tex 2013/11/07  (rcs-revision 1.5)
))) (/usr/share/texlive/texmf-dist/tex/latex/pgf/utilities/xxcolor.sty
Package: xxcolor 2003/10/24 ver 0.1
\XC@nummixins=\count116
\XC@countmixins=\count117
)
(/usr/share/texlive/texmf-dist/tex/generic/oberdiek/atbegshi.sty
Package: atbegshi 2011/10/05 v1.16 At begin shipout hook (HO)
)
(/usr/share/texlive/texmf-dist/tex/latex/hyperref/hyperref.sty
Package: hyperref 2012/11/06 v6.83m Hypertext links for LaTeX

(/usr/share/texlive/texmf-dist/tex/generic/oberdiek/hobsub-hyperref.sty
Package: hobsub-hyperref 2012/05/28 v1.13 Bundle oberdiek, subset hyperref (HO)


(/usr/share/texlive/texmf-dist/tex/generic/oberdiek/hobsub-generic.sty
Package: hobsub-generic 2012/05/28 v1.13 Bundle oberdiek, subset generic (HO)
Package: hobsub 2012/05/28 v1.13 Construct package bundles (HO)
Package hobsub Info: Skipping package `infwarerr' (already loaded).
Package hobsub Info: Skipping package `ltxcmds' (already loaded).
Package: ifluatex 2010/03/01 v1.3 Provides the ifluatex switch (HO)
Package ifluatex Info: LuaTeX not detected.
Package hobsub Info: Skipping package `ifvtex' (already loaded).
Package: intcalc 2007/09/27 v1.1 Expandable calculations with integers (HO)
Package hobsub Info: Skipping package `ifpdf' (already loaded).
Package: etexcmds 2011/02/16 v1.5 Avoid name clashes with e-TeX commands (HO)
Package etexcmds Info: Could not find \expanded.
(etexcmds)             That can mean that you are not using pdfTeX 1.50 or
(etexcmds)             that some package has redefined \expanded.
(etexcmds)             In the latter case, load this package earlier.
Package: kvsetkeys 2012/04/25 v1.16 Key value parser (HO)
Package: kvdefinekeys 2011/04/07 v1.3 Define keys (HO)
Package: pdftexcmds 2011/11/29 v0.20 Utility functions of pdfTeX for LuaTeX (HO
)
Package pdftexcmds Info: LuaTeX not detected.
Package pdftexcmds Info: \pdf@primitive is available.
Package pdftexcmds Info: \pdf@ifprimitive is available.
Package pdftexcmds Info: \pdfdraftmode found.
Package: pdfescape 2011/11/25 v1.13 Implements pdfTeX's escape features (HO)
Package: bigintcalc 2012/04/08 v1.3 Expandable calculations on big integers (HO
)
Package: bitset 2011/01/30 v1.1 Handle bit-vector datatype (HO)
Package: uniquecounter 2011/01/30 v1.2 Provide unlimited unique counter (HO)
)
Package hobsub Info: Skipping package `hobsub' (already loaded).
Package: letltxmacro 2010/09/02 v1.4 Let assignment for LaTeX macros (HO)
Package: hopatch 2012/05/28 v1.2 Wrapper for package hooks (HO)
Package: xcolor-patch 2011/01/30 xcolor patch
Package: atveryend 2011/06/30 v1.8 Hooks at the very end of document (HO)
Package atveryend Info: \enddocument detected (standard20110627).
Package hobsub Info: Skipping package `atbegshi' (already loaded).
Package: refcount 2011/10/16 v3.4 Data extraction from label references (HO)
Package: hycolor 2011/01/30 v1.7 Color options for hyperref/bookmark (HO)
)
(/usr/share/texlive/texmf-dist/tex/latex/oberdiek/auxhook.sty
Package: auxhook 2011/03/04 v1.3 Hooks for auxiliary files (HO)
)
(/usr/share/texlive/texmf-dist/tex/latex/oberdiek/kvoptions.sty
Package: kvoptions 2011/06/30 v3.11 Key value format for package options (HO)
)
\@linkdim=\dimen164
\Hy@linkcounter=\count118
\Hy@pagecounter=\count119

(/usr/share/texlive/texmf-dist/tex/latex/hyperref/pd1enc.def
File: pd1enc.def 2012/11/06 v6.83m Hyperref: PDFDocEncoding definition (HO)
)
\Hy@SavedSpaceFactor=\count120

(/usr/share/texlive/texmf-dist/tex/latex/latexconfig/hyperref.cfg
File: hyperref.cfg 2002/06/06 v1.2 hyperref configuration of TeXLive
)
Package hyperref Info: Option `bookmarks' set `true' on input line 4319.
Package hyperref Info: Option `bookmarksopen' set `true' on input line 4319.
Package hyperref Info: Option `implicit' set `false' on input line 4319.
Package hyperref Info: Hyper figures OFF on input line 4443.
Package hyperref Info: Link nesting OFF on input line 4448.
Package hyperref Info: Hyper index ON on input line 4451.
Package hyperref Info: Plain pages OFF on input line 4458.
Package hyperref Info: Backreferencing OFF on input line 4463.
Package hyperref Info: Implicit mode OFF; no redefinition of LaTeX internals.
Package hyperref Info: Bookmarks ON on input line 4688.
\c@Hy@tempcnt=\count121

(/usr/share/texlive/texmf-dist/tex/latex/url/url.sty
\Urlmuskip=\muskip10
Package: url 2013/09/16  ver 3.4  Verb mode for urls, etc.
)
LaTeX Info: Redefining \url on input line 5041.
\XeTeXLinkMargin=\dimen165
\Fld@menulength=\count122
\Field@Width=\dimen166
\Fld@charsize=\dimen167
Package hyperref Info: Hyper figures OFF on input line 6295.
Package hyperref Info: Link nesting OFF on input line 6300.
Package hyperref Info: Hyper index ON on input line 6303.
Package hyperref Info: backreferencing OFF on input line 6310.
Package hyperref Info: Link coloring OFF on input line 6315.
Package hyperref Info: Link coloring with OCG OFF on input line 6320.
Package hyperref Info: PDF/A mode OFF on input line 6325.
LaTeX Info: Redefining \ref on input line 6365.
LaTeX Info: Redefining \pageref on input line 6369.
\Hy@abspage=\count123


Package hyperref Message: Stopped early.

)

Package hyperref Message: Driver (autodetected): hpdftex.

(/usr/share/texlive/texmf-dist/tex/latex/hyperref/hpdftex.def
File: hpdftex.def 2012/11/06 v6.83m Hyperref driver for pdfTeX
\Fld@listcount=\count124
\c@bookmark@seq@number=\count125

(/usr/share/texlive/texmf-dist/tex/latex/oberdiek/rerunfilecheck.sty
Package: rerunfilecheck 2011/04/15 v1.7 Rerun checks for auxiliary files (HO)
Package uniquecounter Info: New unique counter `rerunfilecheck' on input line 2
82.
))
(/usr/share/texlive/texmf-dist/tex/latex/beamer/beamerbaserequires.sty
Package: beamerbaserequires 2010/05/01  (rcs-revision efa082c6111d)

(/usr/share/texlive/texmf-dist/tex/latex/beamer/beamerbasecompatibility.sty
Package: beamerbasecompatibility 2012/05/01  (rcs-revision 67c48b3b652d)
)
(/usr/share/texlive/texmf-dist/tex/latex/beamer/beamerbasefont.sty
Package: beamerbasefont 2015/01/05  (rcs-revision b4b4bee242e2)

(/usr/share/texlive/texmf-dist/tex/latex/amsfonts/amssymb.sty
Package: amssymb 2013/01/14 v3.01 AMS font symbols

(/usr/share/texlive/texmf-dist/tex/latex/amsfonts/amsfonts.sty
Package: amsfonts 2013/01/14 v3.01 Basic AMSFonts support
\@emptytoks=\toks26
\symAMSa=\mathgroup4
\symAMSb=\mathgroup5
LaTeX Font Info:    Overwriting math alphabet `\mathfrak' in version `bold'
(Font)                  U/euf/m/n --> U/euf/b/n on input line 106.
))
(/usr/share/texlive/texmf-dist/tex/latex/sansmathaccent/sansmathaccent.sty
Package: sansmathaccent 2013/03/28

(/usr/share/texlive/texmf-dist/tex/latex/filehook/filehook.sty
Package: filehook 2011/10/12 v0.5d Hooks for input files
)))
(/usr/share/texlive/texmf-dist/tex/latex/beamer/beamerbasetranslator.sty
Package: beamerbasetranslator 2010/06/11  (rcs-revision 85fd1cc7fc42)

(/usr/share/texlive/texmf-dist/tex/latex/beamer/translator/translator.sty
Package: translator 2010/06/12 ver 1.10

(/usr/share/texlive/texmf-dist/tex/latex/beamer/translator/translator-language-
mappings.tex)))
(/usr/share/texlive/texmf-dist/tex/latex/beamer/beamerbasemisc.sty
Package: beamerbasemisc 2013/09/03  (rcs-revision a55719c41d85)
)
(/usr/share/texlive/texmf-dist/tex/latex/beamer/beamerbasetwoscreens.sty
Package: beamerbasetwoscreens 2010/05/01  (rcs-revision efa082c6111d)
)
(/usr/share/texlive/texmf-dist/tex/latex/beamer/beamerbaseoverlay.sty
Package: beamerbaseoverlay 2013/12/25  (rcs-revision f6bd5e3805da)
\beamer@argscount=\count126
\beamer@lastskipcover=\skip44
\beamer@trivlistdepth=\count127
)
(/usr/share/texlive/texmf-dist/tex/latex/beamer/beamerbasetitle.sty
Package: beamerbasetitle 2010/09/21  (rcs-revision f0446ed0b6ae)
)
(/usr/share/texlive/texmf-dist/tex/latex/beamer/beamerbasesection.sty
Package: beamerbasesection 2013/06/07  (rcs-revision 60b9fe0f342f)
\c@lecture=\count128
\c@part=\count129
\c@section=\count130
\c@subsection=\count131
\c@subsubsection=\count132
)
(/usr/share/texlive/texmf-dist/tex/latex/beamer/beamerbaseframe.sty
Package: beamerbaseframe 2014/02/20  (rcs-revision 4b8ceeeff434)
\beamer@framebox=\box40
\beamer@frametitlebox=\box41
\beamer@zoombox=\box42
\beamer@zoomcount=\count133
\beamer@zoomframecount=\count134
\beamer@frametextheight=\dimen168
\c@subsectionslide=\count135
\beamer@frametopskip=\skip45
\beamer@framebottomskip=\skip46
\beamer@frametopskipautobreak=\skip47
\beamer@framebottomskipautobreak=\skip48
\beamer@envbody=\toks27
\framewidth=\dimen169
\c@framenumber=\count136
)
(/usr/share/texlive/texmf-dist/tex/latex/beamer/beamerbaseverbatim.sty
Package: beamerbaseverbatim 2015/01/05  (rcs-revision 431510bb5890)
\beamer@verbatimfileout=\write4
)
(/usr/share/texlive/texmf-dist/tex/latex/beamer/beamerbaseframesize.sty
Package: beamerbaseframesize 2011/09/12  (rcs-revision 70f9d8411e54)
\beamer@splitbox=\box43
\beamer@autobreakcount=\count137
\beamer@autobreaklastheight=\dimen170
\beamer@frametitletoks=\toks28
\beamer@framesubtitletoks=\toks29
)
(/usr/share/texlive/texmf-dist/tex/latex/beamer/beamerbaseframecomponents.sty
Package: beamerbaseframecomponents 2013/10/18  (rcs-revision 5cf6c5555a45)
\beamer@footins=\box44
)
(/usr/share/texlive/texmf-dist/tex/latex/beamer/beamerbasecolor.sty
Package: beamerbasecolor 2015/02/21  (rcs-revision d944b04ee2d5)
)
(/usr/share/texlive/texmf-dist/tex/latex/beamer/beamerbasenotes.sty
Package: beamerbasenotes 2012/12/19  (rcs-revision 1686da3db3c9)
\beamer@frameboxcopy=\box45
)
(/usr/share/texlive/texmf-dist/tex/latex/beamer/beamerbasetoc.sty
Package: beamerbasetoc 2015/03/08  (rcs-revision 7270298bbaae)
)
(/usr/share/texlive/texmf-dist/tex/latex/beamer/beamerbasetemplates.sty
Package: beamerbasetemplates 2010/05/01  (rcs-revision efa082c6111d)
\beamer@sbttoks=\toks30

(/usr/share/texlive/texmf-dist/tex/latex/beamer/beamerbaseauxtemplates.sty
Package: beamerbaseauxtemplates 2014/06/30  (rcs-revision 580088513a67)

(/usr/share/texlive/texmf-dist/tex/latex/beamer/beamerbaseboxes.sty
Package: beamerbaseboxes 2012/05/13  (rcs-revision 56972908a390)
\bmb@box=\box46
\bmb@colorbox=\box47
\bmb@boxshadow=\box48
\bmb@boxshadowball=\box49
\bmb@boxshadowballlarge=\box50
\bmb@temp=\dimen171
\bmb@dima=\dimen172
\bmb@dimb=\dimen173
\bmb@prevheight=\dimen174
)
\beamer@blockheadheight=\dimen175
))
(/usr/share/texlive/texmf-dist/tex/latex/beamer/beamerbaselocalstructure.sty
Package: beamerbaselocalstructure 2014/09/10  (rcs-revision 393f6dcff371)

(/usr/share/texlive/texmf-dist/tex/latex/tools/enumerate.sty
Package: enumerate 2015/07/23 v3.00 enumerate extensions (DPC)
\@enLab=\toks31
)
\c@figure=\count138
\c@table=\count139
\abovecaptionskip=\skip49
\belowcaptionskip=\skip50
)
(/usr/share/texlive/texmf-dist/tex/latex/beamer/beamerbasenavigation.sty
Package: beamerbasenavigation 2015/02/27  (rcs-revision 923f4bf87efa)
\beamer@section@min@dim=\dimen176
)
(/usr/share/texlive/texmf-dist/tex/latex/beamer/beamerbasetheorems.sty
Package: beamerbasetheorems 2010/06/06  (rcs-revision 7e7cc5e53e9d)

(/usr/share/texlive/texmf-dist/tex/latex/amsmath/amsmath.sty
Package: amsmath 2016/03/03 v2.15a AMS math features
\@mathmargin=\skip51

For additional information on amsmath, use the `?' option.
(/usr/share/texlive/texmf-dist/tex/latex/amsmath/amstext.sty
Package: amstext 2000/06/29 v2.01 AMS text

(/usr/share/texlive/texmf-dist/tex/latex/amsmath/amsgen.sty
File: amsgen.sty 1999/11/30 v2.0 generic functions
\@emptytoks=\toks32
\ex@=\dimen177
))
(/usr/share/texlive/texmf-dist/tex/latex/amsmath/amsbsy.sty
Package: amsbsy 1999/11/29 v1.2d Bold Symbols
\pmbraise@=\dimen178
)
(/usr/share/texlive/texmf-dist/tex/latex/amsmath/amsopn.sty
Package: amsopn 1999/12/14 v2.01 operator names
)
\inf@bad=\count140
LaTeX Info: Redefining \frac on input line 199.
\uproot@=\count141
\leftroot@=\count142
LaTeX Info: Redefining \overline on input line 297.
\classnum@=\count143
\DOTSCASE@=\count144
LaTeX Info: Redefining \ldots on input line 394.
LaTeX Info: Redefining \dots on input line 397.
LaTeX Info: Redefining \cdots on input line 518.
\Mathstrutbox@=\box51
\strutbox@=\box52
\big@size=\dimen179
LaTeX Font Info:    Redeclaring font encoding OML on input line 630.
LaTeX Font Info:    Redeclaring font encoding OMS on input line 631.
\macc@depth=\count145
\c@MaxMatrixCols=\count146
\dotsspace@=\muskip11
\c@parentequation=\count147
\dspbrk@lvl=\count148
\tag@help=\toks33
\row@=\count149
\column@=\count150
\maxfields@=\count151
\andhelp@=\toks34
\eqnshift@=\dimen180
\alignsep@=\dimen181
\tagshift@=\dimen182
\tagwidth@=\dimen183
\totwidth@=\dimen184
\lineht@=\dimen185
\@envbody=\toks35
\multlinegap=\skip52
\multlinetaggap=\skip53
\mathdisplay@stack=\toks36
LaTeX Info: Redefining \[ on input line 2735.
LaTeX Info: Redefining \] on input line 2736.
)
(/usr/share/texlive/texmf-dist/tex/latex/amscls/amsthm.sty
Package: amsthm 2015/03/04 v2.20.2
\thm@style=\toks37
\thm@bodyfont=\toks38
\thm@headfont=\toks39
\thm@notefont=\toks40
\thm@headpunct=\toks41
\thm@preskip=\skip54
\thm@postskip=\skip55
\thm@headsep=\skip56
\dth@everypar=\toks42
)
\c@theorem=\count152
)
(/usr/share/texlive/texmf-dist/tex/latex/beamer/beamerbasethemes.sty
Package: beamerbasethemes 2010/05/01  (rcs-revision efa082c6111d)
))
(/usr/share/texlive/texmf-dist/tex/latex/beamer/themes/theme/beamerthemedefault
.sty
Package: beamerthemedefault 2010/06/17  (rcs-revision d02a7cf4d8ae)

(/usr/share/texlive/texmf-dist/tex/latex/beamer/themes/font/beamerfontthemedefa
ult.sty
Package: beamerfontthemedefault 2012/12/19  (rcs-revision 1686da3db3c9)
)
(/usr/share/texlive/texmf-dist/tex/latex/beamer/themes/color/beamercolorthemede
fault.sty
Package: beamercolorthemedefault 2012/12/19  (rcs-revision 1686da3db3c9)
)
(/usr/share/texlive/texmf-dist/tex/latex/beamer/themes/inner/beamerinnerthemede
fault.sty
Package: beamerinnerthemedefault 2014/06/30  (rcs-revision 580088513a67)
\beamer@dima=\dimen186
\beamer@dimb=\dimen187
)
(/usr/share/texlive/texmf-dist/tex/latex/beamer/themes/outer/beamerouterthemede
fault.sty
Package: beamerouterthemedefault 2012/12/19  (rcs-revision 1686da3db3c9)
)))
(/usr/share/texlive/texmf-dist/tex/latex/beamer/themes/theme/beamerthemeSzeged.
sty
Package: beamerthemeSzeged 2010/06/17  (rcs-revision d02a7cf4d8ae)

(/usr/share/texlive/texmf-dist/tex/latex/beamer/themes/outer/beamerouterthememi
niframes.sty
Package: beamerouterthememiniframes 2010/06/17  (rcs-revision d02a7cf4d8ae)
))
(/usr/share/texlive/texmf-dist/tex/latex/beamer/themes/color/beamercolorthemebe
aver.sty
Package: beamercolorthemebeaver 2010/06/17  (rcs-revision d02a7cf4d8ae)
) (/usr/share/texlive/texmf-dist/tex/latex/booktabs/booktabs.sty
Package: booktabs 2005/04/14 v1.61803 publication quality tables
\heavyrulewidth=\dimen188
\lightrulewidth=\dimen189
\cmidrulewidth=\dimen190
\belowrulesep=\dimen191
\belowbottomsep=\dimen192
\aboverulesep=\dimen193
\abovetopsep=\dimen194
\cmidrulesep=\dimen195
\cmidrulekern=\dimen196
\defaultaddspace=\dimen197
\@cmidla=\count153
\@cmidlb=\count154
\@aboverulesep=\dimen198
\@belowrulesep=\dimen199
\@thisruleclass=\count155
\@lastruleclass=\count156
\@thisrulewidth=\dimen256
)
(./L0_reach.aux)
\openout1 = `L0_reach.aux'.

LaTeX Font Info:    Checking defaults for OML/cmm/m/it on input line 99.
LaTeX Font Info:    ... okay on input line 99.
LaTeX Font Info:    Checking defaults for T1/cmr/m/n on input line 99.
LaTeX Font Info:    ... okay on input line 99.
LaTeX Font Info:    Checking defaults for OT1/cmr/m/n on input line 99.
LaTeX Font Info:    ... okay on input line 99.
LaTeX Font Info:    Checking defaults for OMS/cmsy/m/n on input line 99.
LaTeX Font Info:    ... okay on input line 99.
LaTeX Font Info:    Checking defaults for OMX/cmex/m/n on input line 99.
LaTeX Font Info:    ... okay on input line 99.
LaTeX Font Info:    Checking defaults for U/cmr/m/n on input line 99.
LaTeX Font Info:    ... okay on input line 99.
LaTeX Font Info:    Checking defaults for PD1/pdf/m/n on input line 99.
LaTeX Font Info:    ... okay on input line 99.

*geometry* driver: auto-detecting
*geometry* detected driver: pdftex
*geometry* verbose mode - [ preamble ] result:
* driver: pdftex
* paper: custom
* layout: <same size as paper>
* layoutoffset:(h,v)=(0.0pt,0.0pt)
* modes: includehead includefoot 
* h-part:(L,W,R)=(28.45274pt, 307.28987pt, 28.45274pt)
* v-part:(T,H,B)=(0.0pt, 273.14662pt, 0.0pt)
* \paperwidth=364.19536pt
* \paperheight=273.14662pt
* \textwidth=307.28987pt
* \textheight=244.6939pt
* \oddsidemargin=-43.81725pt
* \evensidemargin=-43.81725pt
* \topmargin=-72.26999pt
* \headheight=14.22636pt
* \headsep=0.0pt
* \topskip=11.0pt
* \footskip=14.22636pt
* \marginparwidth=4.0pt
* \marginparsep=10.0pt
* \columnsep=10.0pt
* \skip\footins=10.0pt plus 4.0pt minus 2.0pt
* \hoffset=0.0pt
* \voffset=0.0pt
* \mag=1000
* \@twocolumnfalse
* \@twosidefalse
* \@mparswitchfalse
* \@reversemarginfalse
* (1in=72.27pt=25.4mm, 1cm=28.453pt)

(/usr/share/texlive/texmf-dist/tex/context/base/supp-pdf.mkii
[Loading MPS to PDF converter (version 2006.09.02).]
\scratchcounter=\count157
\scratchdimen=\dimen257
\scratchbox=\box53
\nofMPsegments=\count158
\nofMParguments=\count159
\everyMPshowfont=\toks43
\MPscratchCnt=\count160
\MPscratchDim=\dimen258
\MPnumerator=\count161
\makeMPintoPDFobject=\count162
\everyMPtoPDFconversion=\toks44
) (/usr/share/texlive/texmf-dist/tex/latex/oberdiek/epstopdf-base.sty
Package: epstopdf-base 2010/02/09 v2.5 Base part for package epstopdf

(/usr/share/texlive/texmf-dist/tex/latex/oberdiek/grfext.sty
Package: grfext 2010/08/19 v1.1 Manage graphics extensions (HO)
)
Package grfext Info: Graphics extension search list:
(grfext)             [.png,.pdf,.jpg,.mps,.jpeg,.jbig2,.jb2,.PNG,.PDF,.JPG,.JPE
G,.JBIG2,.JB2,.eps]
(grfext)             \AppendGraphicsExtensions on input line 452.

(/usr/share/texlive/texmf-dist/tex/latex/latexconfig/epstopdf-sys.cfg
File: epstopdf-sys.cfg 2010/07/13 v1.3 Configuration of (r)epstopdf for TeX Liv
e
))
ABD: EveryShipout initializing macros
\AtBeginShipoutBox=\box54
Package hyperref Info: Link coloring OFF on input line 99.

(/usr/share/texlive/texmf-dist/tex/latex/hyperref/nameref.sty
Package: nameref 2012/10/27 v2.43 Cross-referencing by name of section

(/usr/share/texlive/texmf-dist/tex/generic/oberdiek/gettitlestring.sty
Package: gettitlestring 2010/12/03 v1.4 Cleanup title references (HO)
)
\c@section@level=\count163
)
LaTeX Info: Redefining \ref on input line 99.
LaTeX Info: Redefining \pageref on input line 99.
LaTeX Info: Redefining \nameref on input line 99.

(./L0_reach.out) (./L0_reach.out)
\@outlinefile=\write5
\openout5 = `L0_reach.out'.

LaTeX Font Info:    Overwriting symbol font `operators' in version `normal'
(Font)                  OT1/cmr/m/n --> OT1/cmss/m/n on input line 99.
LaTeX Font Info:    Overwriting symbol font `operators' in version `bold'
(Font)                  OT1/cmr/bx/n --> OT1/cmss/bx/n on input line 99.
\symnumbers=\mathgroup6
\sympureletters=\mathgroup7
LaTeX Font Info:    Overwriting math alphabet `\mathrm' in version `normal'
(Font)                  OT1/cmss/m/n --> OT1/cmr/m/n on input line 99.
LaTeX Font Info:    Redeclaring math alphabet \mathbf on input line 99.
LaTeX Font Info:    Overwriting math alphabet `\mathbf' in version `normal'
(Font)                  OT1/cmr/bx/n --> OT1/cmss/bx/n on input line 99.
LaTeX Font Info:    Overwriting math alphabet `\mathbf' in version `bold'
(Font)                  OT1/cmr/bx/n --> OT1/cmss/bx/n on input line 99.
LaTeX Font Info:    Redeclaring math alphabet \mathsf on input line 99.
LaTeX Font Info:    Overwriting math alphabet `\mathsf' in version `normal'
(Font)                  OT1/cmss/m/n --> OT1/cmss/m/n on input line 99.
LaTeX Font Info:    Overwriting math alphabet `\mathsf' in version `bold'
(Font)                  OT1/cmss/bx/n --> OT1/cmss/m/n on input line 99.
LaTeX Font Info:    Redeclaring math alphabet \mathit on input line 99.
LaTeX Font Info:    Overwriting math alphabet `\mathit' in version `normal'
(Font)                  OT1/cmr/m/it --> OT1/cmss/m/it on input line 99.
LaTeX Font Info:    Overwriting math alphabet `\mathit' in version `bold'
(Font)                  OT1/cmr/bx/it --> OT1/cmss/m/it on input line 99.
LaTeX Font Info:    Redeclaring math alphabet \mathtt on input line 99.
LaTeX Font Info:    Overwriting math alphabet `\mathtt' in version `normal'
(Font)                  OT1/cmtt/m/n --> OT1/cmtt/m/n on input line 99.
LaTeX Font Info:    Overwriting math alphabet `\mathtt' in version `bold'
(Font)                  OT1/cmtt/m/n --> OT1/cmtt/m/n on input line 99.
LaTeX Font Info:    Overwriting symbol font `numbers' in version `bold'
(Font)                  OT1/cmss/m/n --> OT1/cmss/bx/n on input line 99.
LaTeX Font Info:    Overwriting symbol font `pureletters' in version `bold'
(Font)                  OT1/cmss/m/it --> OT1/cmss/bx/it on input line 99.
LaTeX Font Info:    Overwriting math alphabet `\mathrm' in version `bold'
(Font)                  OT1/cmss/bx/n --> OT1/cmr/bx/n on input line 99.
LaTeX Font Info:    Overwriting math alphabet `\mathbf' in version `bold'
(Font)                  OT1/cmss/bx/n --> OT1/cmss/bx/n on input line 99.
LaTeX Font Info:    Overwriting math alphabet `\mathsf' in version `bold'
(Font)                  OT1/cmss/m/n --> OT1/cmss/bx/n on input line 99.
LaTeX Font Info:    Overwriting math alphabet `\mathit' in version `bold'
(Font)                  OT1/cmss/m/it --> OT1/cmss/bx/it on input line 99.
LaTeX Font Info:    Overwriting math alphabet `\mathtt' in version `bold'
(Font)                  OT1/cmtt/m/n --> OT1/cmtt/bx/n on input line 99.
LaTeX Font Info:    Redeclaring symbol font `pureletters' on input line 99.
LaTeX Font Info:    Overwriting symbol font `pureletters' in version `normal'
(Font)                  OT1/cmss/m/it --> OT1/mathkerncmss/m/sl on input line 9
9.
LaTeX Font Info:    Overwriting symbol font `pureletters' in version `bold'
(Font)                  OT1/cmss/bx/it --> OT1/mathkerncmss/m/sl on input line 
99.
LaTeX Font Info:    Overwriting symbol font `pureletters' in version `bold'
(Font)                  OT1/mathkerncmss/m/sl --> OT1/mathkerncmss/bx/sl on inp
ut line 99.

(/usr/share/texlive/texmf-dist/tex/latex/beamer/translator/dicts/translator-bas
ic-dictionary/translator-basic-dictionary-English.dict
Dictionary: translator-basic-dictionary, Language: English 
)
(/usr/share/texlive/texmf-dist/tex/latex/beamer/translator/dicts/translator-bib
liography-dictionary/translator-bibliography-dictionary-English.dict
Dictionary: translator-bibliography-dictionary, Language: English 
)
(/usr/share/texlive/texmf-dist/tex/latex/beamer/translator/dicts/translator-env
ironment-dictionary/translator-environment-dictionary-English.dict
Dictionary: translator-environment-dictionary, Language: English 
)
(/usr/share/texlive/texmf-dist/tex/latex/beamer/translator/dicts/translator-mon
ths-dictionary/translator-months-dictionary-English.dict
Dictionary: translator-months-dictionary, Language: English 
)
(/usr/share/texlive/texmf-dist/tex/latex/beamer/translator/dicts/translator-num
bers-dictionary/translator-numbers-dictionary-English.dict
Dictionary: translator-numbers-dictionary, Language: English 
)
(/usr/share/texlive/texmf-dist/tex/latex/beamer/translator/dicts/translator-the
orem-dictionary/translator-theorem-dictionary-English.dict
Dictionary: translator-theorem-dictionary, Language: English 
)
LaTeX Info: Redefining \includegraphics on input line 99.
 (./L0_reach.nav)

LaTeX Font Warning: Font shape `OT1/cmss/m/n' in size <4> not available
(Font)              size <5> substituted on input line 103.

[1

{/var/lib/texmf/fonts/map/pdftex/updmap/pdftex.map}]
LaTeX Font Info:    Try loading font information for U+msa on input line 125.

(/usr/share/texlive/texmf-dist/tex/latex/amsfonts/umsa.fd
File: umsa.fd 2013/01/14 v3.01 AMS symbols A
)
LaTeX Font Info:    Try loading font information for U+msb on input line 125.

(/usr/share/texlive/texmf-dist/tex/latex/amsfonts/umsb.fd
File: umsb.fd 2013/01/14 v3.01 AMS symbols B
)
LaTeX Font Info:    Try loading font information for OT1+mathkerncmss on input 
line 125.

(/usr/share/texlive/texmf-dist/tex/latex/sansmathaccent/ot1mathkerncmss.fd
File: ot1mathkerncmss.fd 2013/03/27 Fontinst v1.933 font definitions for OT1/ma
thkerncmss.
)
[2

] <figs/L0_schematic.PNG, id=75, 887.11424pt x 209.583pt>
File: figs/L0_schematic.PNG Graphic file (type png)

<use figs/L0_schematic.PNG>
Package pdftex.def Info: figs/L0_schematic.PNG used on input line 171.
(pdftex.def)             Requested size: 245.83282pt x 58.07841pt.
 [3

 <./figs/L0_schematic.PNG>] [4

] [5

] [6

]
<figs/TridentAcceptanceInL0ExL05hit.png, id=187, 698.61pt x 473.77pt>
File: figs/TridentAcceptanceInL0ExL05hit.png Graphic file (type png)

<use figs/TridentAcceptanceInL0ExL05hit.png>
Package pdftex.def Info: figs/TridentAcceptanceInL0ExL05hit.png used on input l
ine 247.
(pdftex.def)             Requested size: 184.3758pt x 125.03517pt.
 [7

 <./figs/TridentAcceptanceInL0ExL05hit.png>] <figs/cuts.png, id=215, 660.4675pt
 x 357.335pt>
File: figs/cuts.png Graphic file (type png)

<use figs/cuts.png>
Package pdftex.def Info: figs/cuts.png used on input line 266.
(pdftex.def)             Requested size: 184.3758pt x 99.75322pt.

Overfull \vbox (12.2784pt too high) detected at line 266
 []

[8

 <./figs/cuts.png>] <figs/mass_res.pdf, id=244, 569.12625pt x 408.52625pt>
File: figs/mass_res.pdf Graphic file (type pdf)

<use figs/mass_res.pdf>
Package pdftex.def Info: figs/mass_res.pdf used on input line 280.
(pdftex.def)             Requested size: 169.01036pt x 121.31833pt.
 [9

 <./figs/mass_res.pdf, page is rotated 90 degrees>]
<figs/L0_eff_40.pdf, id=314, 569.12625pt x 408.52625pt>
File: figs/L0_eff_40.pdf Graphic file (type pdf)

<use figs/L0_eff_40.pdf>
Package pdftex.def Info: figs/L0_eff_40.pdf used on input line 295.
(pdftex.def)             Requested size: 169.01036pt x 121.31833pt.

<figs/nominal_eff_40.pdf, id=315, 569.12625pt x 408.52625pt>
File: figs/nominal_eff_40.pdf Graphic file (type pdf)

<use figs/nominal_eff_40.pdf>
Package pdftex.def Info: figs/nominal_eff_40.pdf used on input line 295.
(pdftex.def)             Requested size: 169.01036pt x 121.31833pt.

Overfull \hbox (30.73085pt too wide) in paragraph at lines 295--295
 [][] 
 []

[10

 <./figs/L0_eff_40.pdf, page is rotated 90 degrees> <./figs/nominal_eff_40.pdf,
 page is rotated 90 degrees>]
<figs/stat_eff_30loose_histo.pdf, id=429, 569.12625pt x 407.5225pt>
File: figs/stat_eff_30loose_histo.pdf Graphic file (type pdf)

<use figs/stat_eff_30loose_histo.pdf>
Package pdftex.def Info: figs/stat_eff_30loose_histo.pdf used on input line 313
.
(pdftex.def)             Requested size: 116.77164pt x 83.61105pt.

<figs/stat_eff_40loose_histo.pdf, id=430, 569.12625pt x 407.5225pt>
File: figs/stat_eff_40loose_histo.pdf Graphic file (type pdf)

<use figs/stat_eff_40loose_histo.pdf>
Package pdftex.def Info: figs/stat_eff_40loose_histo.pdf used on input line 313
.
(pdftex.def)             Requested size: 116.77164pt x 83.61105pt.

<figs/stat_eff_50loose_histo.pdf, id=431, 569.12625pt x 407.5225pt>
File: figs/stat_eff_50loose_histo.pdf Graphic file (type pdf)

<use figs/stat_eff_50loose_histo.pdf>
Package pdftex.def Info: figs/stat_eff_50loose_histo.pdf used on input line 313
.
(pdftex.def)             Requested size: 116.77164pt x 83.61105pt.

<figs/stat_eff_60loose_histo.pdf, id=432, 569.12625pt x 407.5225pt>
File: figs/stat_eff_60loose_histo.pdf Graphic file (type pdf)

<use figs/stat_eff_60loose_histo.pdf>
Package pdftex.def Info: figs/stat_eff_60loose_histo.pdf used on input line 313
.
(pdftex.def)             Requested size: 116.77164pt x 83.61105pt.

Overfull \vbox (5.54727pt too high) detected at line 313
 []

[11

 <./figs/stat_eff_30loose_histo.pdf, page is rotated 90 degrees> <./figs/stat_e
ff_40loose_histo.pdf, page is rotated 90 degrees> <./figs/stat_eff_50loose_hist
o.pdf, page is rotated 90 degrees> <./figs/stat_eff_60loose_histo.pdf, page is 
rotated 90 degrees>]
<figs/VZ_Resolution_1pt05.pdf, id=632, 569.12625pt x 408.52625pt>
File: figs/VZ_Resolution_1pt05.pdf Graphic file (type pdf)

<use figs/VZ_Resolution_1pt05.pdf>
Package pdftex.def Info: figs/VZ_Resolution_1pt05.pdf used on input line 326.
(pdftex.def)             Requested size: 184.3758pt x 132.34557pt.
 [12

 <./figs/VZ_Resolution_1pt05.pdf, page is rotated 90 degrees>]
<figs/VZ_Resolution_total.pdf, id=702, 569.12625pt x 408.52625pt>
File: figs/VZ_Resolution_total.pdf Graphic file (type pdf)

<use figs/VZ_Resolution_total.pdf>
Package pdftex.def Info: figs/VZ_Resolution_total.pdf used on input line 341.
(pdftex.def)             Requested size: 169.01036pt x 121.31833pt.

<figs/VZ_Resolution_ratio.pdf, id=703, 569.12625pt x 408.52625pt>
File: figs/VZ_Resolution_ratio.pdf Graphic file (type pdf)

<use figs/VZ_Resolution_ratio.pdf>
Package pdftex.def Info: figs/VZ_Resolution_ratio.pdf used on input line 341.
(pdftex.def)             Requested size: 169.01036pt x 121.31833pt.

Overfull \hbox (30.73085pt too wide) in paragraph at lines 341--341
 [][] 
 []

[13

 <./figs/VZ_Resolution_total.pdf, page is rotated 90 degrees> <./figs/VZ_Resolu
tion_ratio.pdf, page is rotated 90 degrees>]
<figs/zcut_L0_loose.pdf, id=818, 569.12625pt x 407.5225pt>
File: figs/zcut_L0_loose.pdf Graphic file (type pdf)

<use figs/zcut_L0_loose.pdf>
Package pdftex.def Info: figs/zcut_L0_loose.pdf used on input line 356.
(pdftex.def)             Requested size: 169.01036pt x 121.02025pt.

<figs/zcut_nominal.pdf, id=819, 569.12625pt x 408.52625pt>
File: figs/zcut_nominal.pdf Graphic file (type pdf)

<use figs/zcut_nominal.pdf>
Package pdftex.def Info: figs/zcut_nominal.pdf used on input line 356.
(pdftex.def)             Requested size: 169.01036pt x 121.31833pt.

Overfull \hbox (30.73085pt too wide) in paragraph at lines 356--356
 [][] 
 []

[14

 <./figs/zcut_L0_loose.pdf, page is rotated 90 degrees> <./figs/zcut_nominal.pd
f, page is rotated 90 degrees>]
<figs/eff_40.pdf, id=932, 569.12625pt x 408.52625pt>
File: figs/eff_40.pdf Graphic file (type pdf)
 <use figs/eff_40.pdf>
Package pdftex.def Info: figs/eff_40.pdf used on input line 371.
(pdftex.def)             Requested size: 169.01036pt x 121.31833pt.

<figs/ap_produced.pdf, id=933, 569.12625pt x 408.52625pt>
File: figs/ap_produced.pdf Graphic file (type pdf)

<use figs/ap_produced.pdf>
Package pdftex.def Info: figs/ap_produced.pdf used on input line 371.
(pdftex.def)             Requested size: 169.01036pt x 121.31833pt.

Overfull \hbox (30.73085pt too wide) in paragraph at lines 371--371
 [][] 
 []

[15

 <./figs/eff_40.pdf, page is rotated 90 degrees> <./figs/ap_produced.pdf, page 
is rotated 90 degrees>]
<figs/function.png, id=1048, 415.5525pt x 103.38625pt>
File: figs/function.png Graphic file (type png)
 <use figs/function.png>
Package pdftex.def Info: figs/function.png used on input line 389.
(pdftex.def)             Requested size: 107.55333pt x 26.75832pt.

<figs/L1L1_loose_nom.pdf, id=1049, 569.12625pt x 384.43625pt>
File: figs/L1L1_loose_nom.pdf Graphic file (type pdf)

<use figs/L1L1_loose_nom.pdf>
Package pdftex.def Info: figs/L1L1_loose_nom.pdf used on input line 389.
(pdftex.def)             Requested size: 138.2795pt x 93.40459pt.

<figs/mass_slice.png, id=1050, 662.475pt x 508.90125pt>
File: figs/mass_slice.png Graphic file (type png)

<use figs/mass_slice.png>
Package pdftex.def Info: figs/mass_slice.png used on input line 389.
(pdftex.def)             Requested size: 122.91406pt x 94.41704pt.

Overfull \vbox (0.90886pt too high) detected at line 389
 []

[16

 <./figs/function.png> <./figs/L1L1_loose_nom.pdf, page is rotated 90 degrees> 
<./figs/mass_slice.png>]
<figs/L0L0_loose.pdf, id=1120, 569.12625pt x 384.43625pt>
File: figs/L0L0_loose.pdf Graphic file (type pdf)

<use figs/L0L0_loose.pdf>
Package pdftex.def Info: figs/L0L0_loose.pdf used on input line 407.
(pdftex.def)             Requested size: 92.1879pt x 62.26776pt.
File: figs/L1L1_loose_nom.pdf Graphic file (type pdf)
 <use figs/L1L1_loose_nom.pdf>
Package pdftex.def Info: figs/L1L1_loose_nom.pdf used on input line 407.
(pdftex.def)             Requested size: 92.1879pt x 62.26776pt.
 [17

 <./figs/L0L0_loose.pdf, page is rotated 90 degrees>]
<figs/L0_180_days_loose.pdf, id=1193, 569.12625pt x 407.5225pt>
File: figs/L0_180_days_loose.pdf Graphic file (type pdf)

<use figs/L0_180_days_loose.pdf>
Package pdftex.def Info: figs/L0_180_days_loose.pdf used on input line 422.
(pdftex.def)             Requested size: 122.91406pt x 88.0136pt.

<figs/nom_180_days_loose.pdf, id=1194, 569.12625pt x 407.5225pt>
File: figs/nom_180_days_loose.pdf Graphic file (type pdf)

<use figs/nom_180_days_loose.pdf>
Package pdftex.def Info: figs/nom_180_days_loose.pdf used on input line 422.
(pdftex.def)             Requested size: 122.91406pt x 88.0136pt.
 [18

 <./figs/L0_180_days_loose.pdf, page is rotated 90 degrees> <./figs/nom_180_day
s_loose.pdf, page is rotated 90 degrees>]
<figs/L0_10_weeks_loose.pdf, id=1307, 569.12625pt x 407.5225pt>
File: figs/L0_10_weeks_loose.pdf Graphic file (type pdf)

<use figs/L0_10_weeks_loose.pdf>
Package pdftex.def Info: figs/L0_10_weeks_loose.pdf used on input line 437.
(pdftex.def)             Requested size: 122.91406pt x 88.0136pt.

<figs/nom_10_weeks_loose.pdf, id=1308, 569.12625pt x 407.5225pt>
File: figs/nom_10_weeks_loose.pdf Graphic file (type pdf)

<use figs/nom_10_weeks_loose.pdf>
Package pdftex.def Info: figs/nom_10_weeks_loose.pdf used on input line 437.
(pdftex.def)             Requested size: 122.91406pt x 88.0136pt.

<figs/L0_4_weeks_loose.pdf, id=1309, 569.12625pt x 407.5225pt>
File: figs/L0_4_weeks_loose.pdf Graphic file (type pdf)

<use figs/L0_4_weeks_loose.pdf>
Package pdftex.def Info: figs/L0_4_weeks_loose.pdf used on input line 437.
(pdftex.def)             Requested size: 122.91406pt x 88.0136pt.

<figs/nom_4_weeks_loose.pdf, id=1310, 569.12625pt x 407.5225pt>
File: figs/nom_4_weeks_loose.pdf Graphic file (type pdf)

<use figs/nom_4_weeks_loose.pdf>
Package pdftex.def Info: figs/nom_4_weeks_loose.pdf used on input line 437.
(pdftex.def)             Requested size: 122.91406pt x 88.0136pt.
 [19

 <./figs/L0_10_weeks_loose.pdf, page is rotated 90 degrees> <./figs/nom_10_week
s_loose.pdf, page is rotated 90 degrees> <./figs/L0_4_weeks_loose.pdf, page is 
rotated 90 degrees> <./figs/nom_4_weeks_loose.pdf, page is rotated 90 degrees>]

<figs/detectable_8e-10.pdf, id=1511, 569.12625pt x 407.5225pt>
File: figs/detectable_8e-10.pdf Graphic file (type pdf)

<use figs/detectable_8e-10.pdf>
Package pdftex.def Info: figs/detectable_8e-10.pdf used on input line 455.
(pdftex.def)             Requested size: 110.62453pt x 79.2085pt.

<figs/detectable_1e-09.pdf, id=1512, 569.12625pt x 407.5225pt>
File: figs/detectable_1e-09.pdf Graphic file (type pdf)

<use figs/detectable_1e-09.pdf>
Package pdftex.def Info: figs/detectable_1e-09.pdf used on input line 455.
(pdftex.def)             Requested size: 110.62453pt x 79.2085pt.

<figs/detectable_2e-09.pdf, id=1513, 569.12625pt x 407.5225pt>
File: figs/detectable_2e-09.pdf Graphic file (type pdf)

<use figs/detectable_2e-09.pdf>
Package pdftex.def Info: figs/detectable_2e-09.pdf used on input line 455.
(pdftex.def)             Requested size: 110.62453pt x 79.2085pt.

<figs/detectable_4e-09.pdf, id=1514, 569.12625pt x 407.5225pt>
File: figs/detectable_4e-09.pdf Graphic file (type pdf)

<use figs/detectable_4e-09.pdf>
Package pdftex.def Info: figs/detectable_4e-09.pdf used on input line 455.
(pdftex.def)             Requested size: 110.62453pt x 79.2085pt.

Overfull \vbox (10.34216pt too high) detected at line 455
 []

[20

 <./figs/detectable_8e-10.pdf, page is rotated 90 degrees> <./figs/detectable_1
e-09.pdf, page is rotated 90 degrees> <./figs/detectable_2e-09.pdf, page is rot
ated 90 degrees> <./figs/detectable_4e-09.pdf, page is rotated 90 degrees>]
<figs/Scattering_schematic.png, id=1714, 553.5882pt x 428.3202pt>
File: figs/Scattering_schematic.png Graphic file (type png)

<use figs/Scattering_schematic.png>
Package pdftex.def Info: figs/Scattering_schematic.png used on input line 469.
(pdftex.def)             Requested size: 169.01036pt x 130.76491pt.

Overfull \vbox (10.4901pt too high) detected at line 469
 []

[21

 <./figs/Scattering_schematic.png>]
<figs/L2L2_sharedcut.pdf, id=1742, 569.12625pt x 407.5225pt>
File: figs/L2L2_sharedcut.pdf Graphic file (type pdf)

<use figs/L2L2_sharedcut.pdf>
Package pdftex.def Info: figs/L2L2_sharedcut.pdf used on input line 485.
(pdftex.def)             Requested size: 122.91406pt x 88.0136pt.

<figs/L2L2_loose.pdf, id=1743, 569.12625pt x 407.5225pt>
File: figs/L2L2_loose.pdf Graphic file (type pdf)

<use figs/L2L2_loose.pdf>
Package pdftex.def Info: figs/L2L2_loose.pdf used on input line 485.
(pdftex.def)             Requested size: 122.91406pt x 88.0136pt.
 [22

 <./figs/L2L2_sharedcut.pdf, page is rotated 90 degrees> <./figs/L2L2_loose.pdf
, page is rotated 90 degrees>]
<figs/L1L2_sharedcut.pdf, id=1859, 569.12625pt x 407.5225pt>
File: figs/L1L2_sharedcut.pdf Graphic file (type pdf)

<use figs/L1L2_sharedcut.pdf>
Package pdftex.def Info: figs/L1L2_sharedcut.pdf used on input line 501.
(pdftex.def)             Requested size: 122.91406pt x 88.0136pt.
File: figs/L2L2_sharedcut.pdf Graphic file (type pdf)
 <use figs/L2L2_sharedcut.pdf>
Package pdftex.def Info: figs/L2L2_sharedcut.pdf used on input line 501.
(pdftex.def)             Requested size: 122.91406pt x 88.0136pt.
 [23

 <./figs/L1L2_sharedcut.pdf, page is rotated 90 degrees>]
<figs/L0L1_loose.pdf, id=1930, 569.12625pt x 407.5225pt>
File: figs/L0L1_loose.pdf Graphic file (type pdf)

<use figs/L0L1_loose.pdf>
Package pdftex.def Info: figs/L0L1_loose.pdf used on input line 516.
(pdftex.def)             Requested size: 122.91406pt x 88.0136pt.

<figs/L0L2_loose.pdf, id=1931, 569.12625pt x 407.5225pt>
File: figs/L0L2_loose.pdf Graphic file (type pdf)

<use figs/L0L2_loose.pdf>
Package pdftex.def Info: figs/L0L2_loose.pdf used on input line 516.
(pdftex.def)             Requested size: 122.91406pt x 88.0136pt.

<figs/L1L1_loose.pdf, id=1932, 569.12625pt x 407.5225pt>
File: figs/L1L1_loose.pdf Graphic file (type pdf)

<use figs/L1L1_loose.pdf>
Package pdftex.def Info: figs/L1L1_loose.pdf used on input line 516.
(pdftex.def)             Requested size: 122.91406pt x 88.0136pt.

<figs/L1L2_loose.pdf, id=1933, 569.12625pt x 407.5225pt>
File: figs/L1L2_loose.pdf Graphic file (type pdf)

<use figs/L1L2_loose.pdf>
Package pdftex.def Info: figs/L1L2_loose.pdf used on input line 516.
(pdftex.def)             Requested size: 122.91406pt x 88.0136pt.
 [24

 <./figs/L0L1_loose.pdf, page is rotated 90 degrees> <./figs/L0L2_loose.pdf, pa
ge is rotated 90 degrees> <./figs/L1L1_loose.pdf, page is rotated 90 degrees> <
./figs/L1L2_loose.pdf, page is rotated 90 degrees>] <figs/background_schematic.
png, id=2132, 574.7874pt x 379.6584pt>
File: figs/background_schematic.png Graphic file (type png)

<use figs/background_schematic.png>
Package pdftex.def Info: figs/background_schematic.png used on input line 532.
(pdftex.def)             Requested size: 153.64493pt x 101.48375pt.

Overfull \vbox (8.40895pt too high) detected at line 532
 []

[25

 <./figs/background_schematic.png>]
<figs/log_uncVZ.pdf, id=2162, 569.12625pt x 407.5225pt>
File: figs/log_uncVZ.pdf Graphic file (type pdf)

<use figs/log_uncVZ.pdf>
Package pdftex.def Info: figs/log_uncVZ.pdf used on input line 548.
(pdftex.def)             Requested size: 122.91406pt x 88.0136pt.
 <figs/Esum.pdf, id=2163, 569.12625pt x 407.5225pt>
File: figs/Esum.pdf Graphic file (type pdf)

<use figs/Esum.pdf>
Package pdftex.def Info: figs/Esum.pdf used on input line 548.
(pdftex.def)             Requested size: 122.91406pt x 88.0136pt.
 [26

 <./figs/log_uncVZ.pdf, page is rotated 90 degrees> <./figs/Esum.pdf, page is r
otated 90 degrees>]
<figs/eleLambda.pdf, id=2276, 569.12625pt x 407.5225pt>
File: figs/eleLambda.pdf Graphic file (type pdf)

<use figs/eleLambda.pdf>
Package pdftex.def Info: figs/eleLambda.pdf used on input line 563.
(pdftex.def)             Requested size: 153.64493pt x 110.0201pt.

<figs/eleLambda_oppo.pdf, id=2277, 569.12625pt x 407.5225pt>
File: figs/eleLambda_oppo.pdf Graphic file (type pdf)

<use figs/eleLambda_oppo.pdf>
Package pdftex.def Info: figs/eleLambda_oppo.pdf used on input line 563.
(pdftex.def)             Requested size: 153.64493pt x 110.0201pt.
 [27

 <./figs/eleLambda.pdf, page is rotated 90 degrees> <./figs/eleLambda_oppo.pdf,
 page is rotated 90 degrees>] [28

] [29

]
<figs/psum.pdf, id=2443, 569.12625pt x 408.52625pt>
File: figs/psum.pdf Graphic file (type pdf)
 <use figs/psum.pdf>
Package pdftex.def Info: figs/psum.pdf used on input line 641.
(pdftex.def)             Requested size: 169.01036pt x 121.31833pt.

<figs/psum_L0.pdf, id=2444, 569.12625pt x 408.52625pt>
File: figs/psum_L0.pdf Graphic file (type pdf)
 <use figs/psum_L0.pdf>
Package pdftex.def Info: figs/psum_L0.pdf used on input line 641.
(pdftex.def)             Requested size: 169.01036pt x 121.31833pt.

Overfull \hbox (30.73085pt too wide) in paragraph at lines 641--641
 [][] 
 []

[30

 <./figs/psum.pdf, page is rotated 90 degrees> <./figs/psum_L0.pdf, page is rot
ated 90 degrees>]
<figs/log_uncVZ_vertcuts.pdf, id=2558, 569.12625pt x 407.5225pt>
File: figs/log_uncVZ_vertcuts.pdf Graphic file (type pdf)

<use figs/log_uncVZ_vertcuts.pdf>
Package pdftex.def Info: figs/log_uncVZ_vertcuts.pdf used on input line 656.
(pdftex.def)             Requested size: 169.01036pt x 121.02025pt.
 [31

 <./figs/log_uncVZ_vertcuts.pdf, page is rotated 90 degrees>]
<figs/detectable_4_weeks_L0.png, id=2629, 719.68875pt x 510.90875pt>
File: figs/detectable_4_weeks_L0.png Graphic file (type png)

<use figs/detectable_4_weeks_L0.png>
Package pdftex.def Info: figs/detectable_4_weeks_L0.png used on input line 672.

(pdftex.def)             Requested size: 153.64493pt x 109.07144pt.

<figs/detectable_4_weeks_nom.png, id=2630, 713.66624pt x 503.8825pt>
File: figs/detectable_4_weeks_nom.png Graphic file (type png)

<use figs/detectable_4_weeks_nom.png>
Package pdftex.def Info: figs/detectable_4_weeks_nom.png used on input line 672
.
(pdftex.def)             Requested size: 153.64493pt x 108.4787pt.
 [32

 <./figs/detectable_4_weeks_L0.png> <./figs/detectable_4_weeks_nom.png>]
<figs/detectable_10_weeks_L0.png, id=2658, 715.67375pt x 511.9125pt>
File: figs/detectable_10_weeks_L0.png Graphic file (type png)

<use figs/detectable_10_weeks_L0.png>
Package pdftex.def Info: figs/detectable_10_weeks_L0.png used on input line 688
.
(pdftex.def)             Requested size: 153.64493pt x 109.895pt.

<figs/detectable_10_weeks_nom.png, id=2659, 712.6625pt x 511.9125pt>
File: figs/detectable_10_weeks_nom.png Graphic file (type png)

<use figs/detectable_10_weeks_nom.png>
Package pdftex.def Info: figs/detectable_10_weeks_nom.png used on input line 68
8.
(pdftex.def)             Requested size: 153.64493pt x 110.36368pt.
 [33

 <./figs/detectable_10_weeks_L0.png> <./figs/detectable_10_weeks_nom.png>]
<figs/detectable_180_days_L0.png, id=2685, 717.68124pt x 512.91624pt>
File: figs/detectable_180_days_L0.png Graphic file (type png)

<use figs/detectable_180_days_L0.png>
Package pdftex.def Info: figs/detectable_180_days_L0.png used on input line 704
.
(pdftex.def)             Requested size: 153.64493pt x 109.80525pt.

<figs/detectable_180_days_nom.png, id=2686, 714.67pt x 499.8675pt>
File: figs/detectable_180_days_nom.png Graphic file (type png)

<use figs/detectable_180_days_nom.png>
Package pdftex.def Info: figs/detectable_180_days_nom.png used on input line 70
4.
(pdftex.def)             Requested size: 153.64493pt x 107.46178pt.
 [34

 <./figs/detectable_180_days_L0.png> <./figs/detectable_180_days_nom.png>]
\tf@nav=\write6
\openout6 = `L0_reach.nav'.

\tf@toc=\write7
\openout7 = `L0_reach.toc'.

\tf@snm=\write8
\openout8 = `L0_reach.snm'.

Package atveryend Info: Empty hook `BeforeClearDocument' on input line 708.
Package atveryend Info: Empty hook `AfterLastShipout' on input line 708.
 (./L0_reach.aux)
Package atveryend Info: Executing hook `AtVeryEndDocument' on input line 708.
Package atveryend Info: Executing hook `AtEndAfterFileList' on input line 708.
Package rerunfilecheck Info: File `L0_reach.out' has not changed.
(rerunfilecheck)             Checksum: D41D8CD98F00B204E9800998ECF8427E;0.


LaTeX Font Warning: Size substitutions with differences
(Font)              up to 1.0pt have occurred.

Package atveryend Info: Empty hook `AtVeryVeryEnd' on input line 708.
 ) 
Here is how much of TeX's memory you used:
 17165 strings out of 493029
 331386 string characters out of 6136234
 395917 words of memory out of 5000000
 20179 multiletter control sequences out of 15000+600000
 14529 words of font info for 53 fonts, out of 8000000 for 9000
 1141 hyphenation exceptions out of 8191
 56i,15n,56p,388b,569s stack positions out of 5000i,500n,10000p,200000b,80000s
</usr/share/texlive/texmf-dist/fonts/type1/public/amsfonts/cm/cmex10.pfb></us
r/share/texlive/texmf-dist/fonts/type1/public/amsfonts/cmextra/cmex8.pfb></usr/
share/texlive/texmf-dist/fonts/type1/public/amsfonts/cm/cmmi10.pfb></usr/share/
texlive/texmf-dist/fonts/type1/public/amsfonts/cm/cmmi6.pfb></usr/share/texlive
/texmf-dist/fonts/type1/public/amsfonts/cm/cmmi8.pfb></usr/share/texlive/texmf-
dist/fonts/type1/public/amsfonts/cm/cmss10.pfb></usr/share/texlive/texmf-dist/f
onts/type1/public/amsfonts/cm/cmss12.pfb></usr/share/texlive/texmf-dist/fonts/t
ype1/public/amsfonts/cm/cmss8.pfb></usr/share/texlive/texmf-dist/fonts/type1/pu
blic/amsfonts/cm/cmssbx10.pfb></usr/share/texlive/texmf-dist/fonts/type1/public
/amsfonts/cm/cmssi10.pfb></usr/share/texlive/texmf-dist/fonts/type1/public/amsf
onts/cm/cmssi8.pfb></usr/share/texlive/texmf-dist/fonts/type1/public/amsfonts/c
m/cmsy6.pfb></usr/share/texlive/texmf-dist/fonts/type1/public/amsfonts/symbols/
msam10.pfb></usr/share/texlive/texmf-dist/fonts/type1/public/amsfonts/symbols/m
sam7.pfb>
Output written on L0_reach.pdf (34 pages, 1820065 bytes).
PDF statistics:
 2775 PDF objects out of 2984 (max. 8388607)
 1645 compressed objects within 17 object streams
 69 named destinations out of 1000 (max. 500000)
 308 words of extra memory for PDF output out of 10000 (max. 10000000)

